<?xml version="1.0" encoding="UTF-8" ?>
<testsuite errors="0" failures="0" hostname="VA1DYNADEVWOR03" name="cdelivery_demo_test.ExecTest" skipped="0" tests="3" time="1.211" timestamp="2016-05-03T15:09:38">
  <properties>
[...]
</properties>
  <testcase classname="cdelivery_demo_test.ExecTest" name="testProblem1" time="0.015" />
  <testcase classname="cdelivery_demo_test.ExecTest" name="testWebServiceCalls" time="0.0" />
  <testcase classname="cdelivery_demo_test.ExecTest" name="testDBFunctions" time="0.893" />
  <system-out><![CDATA[Bob Jenkins
Ralph Volume
Fred Tyler
Flynn Toranado
Sylvia West
]]></system-out>
  <system-err><![CDATA[]]></system-err>
</testsuite>
